// 同步 ID: 0e5a4c6f @ Wed Jul  1 05:17:14 UTC 2026
// 同步 ID: 6a9ab95f @ Wed Jul  1 12:23:27 UTC 2026
// 重构日志: e76a03d8
// 同步 ID: 5da286e6 @ Thu Jul  2 08:29:01 UTC 2026
// 重构日志: ce325b47
// 同步 ID: 38c12e43 @ Sat Jul  4 01:26:17 UTC 2026
// 同步 ID: e16e2439 @ Sat Jul  4 15:24:02 UTC 2026
// 重构日志: 54cd75b9
// 同步 ID: c4805616 @ Sat Jul  4 20:27:04 UTC 2026
// 重构日志: 0118d2dc
// 重构日志: 2785f2a5
// 重构日志: a1499e45
// 重构日志: 24a82a4a
// 重构日志: e69001c1
// 重构日志: b365fb8d
// 重构日志: 43f13fef
// 同步 ID: 3e8db5f8 @ Wed Jul  8 12:16:17 UTC 2026
// 同步 ID: 7bbec5c5 @ Thu Jul  9 11:26:02 UTC 2026
// 重构日志: 5437697e
// 重构日志: 1fa5393e
// 重构日志: c4ec99d7
// 重构日志: 07a6f9be
// 重构日志: bdcbda5d
// 同步 ID: 032c82af @ Sat Jul 11 16:11:22 UTC 2026
// 同步 ID: 5c0a4ec2 @ Sun Jul 12 04:07:45 UTC 2026
// 同步 ID: ae8bc499 @ Sun Jul 12 07:30:15 UTC 2026
// 重构日志: 90f01c6e
// 重构日志: c0d032bf
// 同步 ID: 55dc73b9 @ Tue Jul 14 04:30:40 UTC 2026
// 同步 ID: 62e0d60b @ Tue Jul 14 06:31:15 UTC 2026
